#
# There is insufficient memory for the Java Runtime Environment to continue.
# Native memory allocation (malloc) failed to allocate 1048576 bytes. Error detail: AllocateHeap
# Possible reasons:
#   The system is out of physical RAM or swap space
#   This process is running with CompressedOops enabled, and the Java Heap may be blocking the growth of the native heap
# Possible solutions:
#   Reduce memory load on the system
#   Increase physical memory or swap space
#   Check if swap backing store is full
#   Decrease Java heap size (-Xmx/-Xms)
#   Decrease number of Java threads
#   Decrease Java thread stack sizes (-Xss)
#   Set larger code cache with -XX:ReservedCodeCacheSize=
#   JVM is running with Unscaled Compressed Oops mode in which the Java heap is
#     placed in the first 4GB address space. The Java Heap base address is the
#     maximum limit for the native heap growth. Please use -XX:HeapBaseMinAddress
#     to set the Java Heap base and to place the Java Heap above 4GB virtual address.
# This output file may be truncated or incomplete.
#
#  Out of Memory Error (allocation.cpp:44), pid=14592, tid=5012
#
# JRE version: OpenJDK Runtime Environment Temurin-21.0.9+10 (21.0.9+10) (build 21.0.9+10-LTS)
# Java VM: OpenJDK 64-Bit Server VM Temurin-21.0.9+10 (21.0.9+10-LTS, mixed mode, sharing, tiered, compressed oops, compressed class ptrs, parallel gc, windows-amd64)
# No core dump will be written. Minidumps are not enabled by default on client versions of Windows
#

---------------  S U M M A R Y ------------

Command Line: --add-modules=ALL-SYSTEM --add-opens=java.base/java.util=ALL-UNNAMED --add-opens=java.base/java.lang=ALL-UNNAMED --add-opens=java.base/sun.nio.fs=ALL-UNNAMED -Declipse.application=org.eclipse.jdt.ls.core.id1 -Dosgi.bundles.defaultStartLevel=4 -Declipse.product=org.eclipse.jdt.ls.core.product -Djava.import.generatesMetadataFilesAtProjectRoot=false -DDetectVMInstallationsJob.disabled=true -Dfile.encoding=utf8 -XX:+UseParallelGC -XX:GCTimeRatio=4 -XX:AdaptiveSizePolicyWeight=90 -Dsun.zip.disableMemoryMapping=true -Xmx2G -Xms100m -Xlog:disable -javaagent:c:\Users\NAC\.vscode\extensions\redhat.java-1.51.0-win32-x64\lombok\lombok-1.18.39-4050.jar -XX:+HeapDumpOnOutOfMemoryError -XX:HeapDumpPath=c:\Users\NAC\AppData\Roaming\Code\User\workspaceStorage\c917eee60e9d2a68c72716b009762104\redhat.java -Daether.dependencyCollector.impl=bf c:\Users\NAC\.vscode\extensions\redhat.java-1.51.0-win32-x64\server\plugins\org.eclipse.equinox.launcher_1.7.100.v20251111-0406.jar -configuration c:\Users\NAC\AppData\Roaming\Code\User\globalStorage\redhat.java\1.51.0\config_win -data c:\Users\NAC\AppData\Roaming\Code\User\workspaceStorage\c917eee60e9d2a68c72716b009762104\redhat.java\jdt_ws --pipe=\\.\pipe\lsp-14bee2132dc9837f5487f4d21aa0a029-sock

Host: Intel(R) Core(TM) i7-8550U CPU @ 1.80GHz, 8 cores, 15G,  Windows 11 , 64 bit Build 26100 (10.0.26100.7623)
Time: Mon Jan 26 16:39:55 2026 Pakistan Standard Time elapsed time: 167312.084816 seconds (1d 22h 28m 32s)

---------------  T H R E A D  ---------------

Current thread (0x0000015b2f145100):  JavaThread "Attach Listener" daemon [_thread_in_vm, id=5012, stack(0x0000000211d00000,0x0000000211e00000) (1024K)]

Stack: [0x0000000211d00000,0x0000000211e00000]
Native frames: (J=compiled Java code, j=interpreted, Vv=VM code, C=native code)
V  [jvm.dll+0x6d6e29]
V  [jvm.dll+0x8b4b76]
V  [jvm.dll+0x8b712e]
V  [jvm.dll+0x8b7813]
V  [jvm.dll+0x283d86]
V  [jvm.dll+0xc1277]
V  [jvm.dll+0x6d76d9]
V  [jvm.dll+0x133466]
V  [jvm.dll+0x3f7ea6]
V  [jvm.dll+0x85e9ad]
V  [jvm.dll+0x6d565d]
C  [ucrtbase.dll+0x37b0]
C  [KERNEL32.DLL+0x2e8d7]
C  [ntdll.dll+0x8c53c]


---------------  P R O C E S S  ---------------

Threads class SMR info:
_java_thread_list=0x0000015b91ea0be0, length=35, elements={
0x0000015b2f1ccad0, 0x0000015b2f13d3a0, 0x0000015b2f141960, 0x0000015b2f144230,
0x0000015b2f145100, 0x0000015b2f14b1d0, 0x0000015b2f14bd50, 0x0000015b2f14cb80,
0x0000015b88440130, 0x0000015b88641750, 0x0000015b88734ab0, 0x0000015b8d605fd0,
0x0000015b8d661b20, 0x0000015b8d72c4a0, 0x0000015b887dbe70, 0x0000015b8d3651f0,
0x0000015b8da3c950, 0x0000015b8dd96f70, 0x0000015b8de14f40, 0x0000015b8e609be0,
0x0000015b8e608830, 0x0000015b8e607b10, 0x0000015b8e609550, 0x0000015b8eb84810,
0x0000015b8eb820b0, 0x0000015b8eb82740, 0x0000015b8eb84180, 0x0000015b8eb83af0,
0x0000015b8eb84ea0, 0x0000015b8eb82dd0, 0x0000015b8eb85530, 0x0000015b8eb83460,
0x0000015b8ff9c4d0, 0x0000015b8ff9d1f0, 0x0000015b8efb8610
}

Java Threads: ( => current thread )
  0x0000015b2f1ccad0 JavaThread "main"                              [_thread_blocked, id=19920, stack(0x0000000211600000,0x0000000211700000) (1024K)]
  0x0000015b2f13d3a0 JavaThread "Reference Handler"          daemon [_thread_blocked, id=12784, stack(0x0000000211a00000,0x0000000211b00000) (1024K)]
  0x0000015b2f141960 JavaThread "Finalizer"                  daemon [_thread_blocked, id=13840, stack(0x0000000211b00000,0x0000000211c00000) (1024K)]
  0x0000015b2f144230 JavaThread "Signal Dispatcher"          daemon [_thread_blocked, id=7260, stack(0x0000000211c00000,0x0000000211d00000) (1024K)]
=>0x0000015b2f145100 JavaThread "Attach Listener"            daemon [_thread_in_vm, id=5012, stack(0x0000000211d00000,0x0000000211e00000) (1024K)]
  0x0000015b2f14b1d0 JavaThread "Service Thread"             daemon [_thread_blocked, id=12356, stack(0x0000000211e00000,0x0000000211f00000) (1024K)]
  0x0000015b2f14bd50 JavaThread "Monitor Deflation Thread"   daemon [_thread_blocked, id=31096, stack(0x0000000211f00000,0x0000000212000000) (1024K)]
  0x0000015b2f14cb80 JavaThread "C2 CompilerThread0"         daemon [_thread_blocked, id=33168, stack(0x0000000212000000,0x0000000212100000) (1024K)]
  0x0000015b88440130 JavaThread "C1 CompilerThread0"         daemon [_thread_blocked, id=15388, stack(0x0000000212100000,0x0000000212200000) (1024K)]
  0x0000015b88641750 JavaThread "Common-Cleaner"             daemon [_thread_blocked, id=26628, stack(0x0000000212200000,0x0000000212300000) (1024K)]
  0x0000015b88734ab0 JavaThread "Notification Thread"        daemon [_thread_blocked, id=33276, stack(0x0000000212300000,0x0000000212400000) (1024K)]
  0x0000015b8d605fd0 JavaThread "Active Thread: Equinox Container: 8713f275-0be8-41bc-bd57-3c6ca77600e5"        [_thread_blocked, id=7460, stack(0x0000000212b00000,0x0000000212c00000) (1024K)]
  0x0000015b8d661b20 JavaThread "Refresh Thread: Equinox Container: 8713f275-0be8-41bc-bd57-3c6ca77600e5" daemon [_thread_blocked, id=17112, stack(0x0000000212c00000,0x0000000212d00000) (1024K)]
  0x0000015b8d72c4a0 JavaThread "Framework Event Dispatcher: Equinox Container: 8713f275-0be8-41bc-bd57-3c6ca77600e5" daemon [_thread_blocked, id=27300, stack(0x0000000212d00000,0x0000000212e00000) (1024K)]
  0x0000015b887dbe70 JavaThread "Start Level: Equinox Container: 8713f275-0be8-41bc-bd57-3c6ca77600e5" daemon [_thread_blocked, id=18240, stack(0x0000000212e00000,0x0000000212f00000) (1024K)]
  0x0000015b8d3651f0 JavaThread "Bundle File Closer"         daemon [_thread_blocked, id=33316, stack(0x0000000213000000,0x0000000213100000) (1024K)]
  0x0000015b8da3c950 JavaThread "SCR Component Actor"        daemon [_thread_blocked, id=31044, stack(0x0000000212f00000,0x0000000213000000) (1024K)]
  0x0000015b8dd96f70 JavaThread "Worker-JM"                         [_thread_blocked, id=32364, stack(0x0000000213300000,0x0000000213400000) (1024K)]
  0x0000015b8de14f40 JavaThread "JNA Cleaner"                daemon [_thread_blocked, id=30512, stack(0x0000000211300000,0x0000000211400000) (1024K)]
  0x0000015b8e609be0 JavaThread "Worker-1"                          [_thread_blocked, id=32716, stack(0x0000000213500000,0x0000000213600000) (1024K)]
  0x0000015b8e608830 JavaThread "Java indexing"              daemon [_thread_blocked, id=26596, stack(0x0000000213200000,0x0000000213300000) (1024K)]
  0x0000015b8e607b10 JavaThread "Thread-1"                   daemon [_thread_in_native, id=31420, stack(0x0000000213e00000,0x0000000213f00000) (1024K)]
  0x0000015b8e609550 JavaThread "Thread-2"                   daemon [_thread_in_native, id=19076, stack(0x0000000213f00000,0x0000000214000000) (1024K)]
  0x0000015b8eb84810 JavaThread "Thread-3"                   daemon [_thread_in_native, id=22196, stack(0x0000000214000000,0x0000000214100000) (1024K)]
  0x0000015b8eb820b0 JavaThread "Thread-4"                   daemon [_thread_in_native, id=25328, stack(0x0000000214100000,0x0000000214200000) (1024K)]
  0x0000015b8eb82740 JavaThread "Thread-5"                   daemon [_thread_in_native, id=31260, stack(0x0000000214200000,0x0000000214300000) (1024K)]
  0x0000015b8eb84180 JavaThread "Thread-6"                   daemon [_thread_in_native, id=28484, stack(0x0000000214300000,0x0000000214400000) (1024K)]
  0x0000015b8eb83af0 JavaThread "Thread-7"                   daemon [_thread_in_native, id=17276, stack(0x0000000214400000,0x0000000214500000) (1024K)]
  0x0000015b8eb84ea0 JavaThread "Thread-8"                   daemon [_thread_in_native, id=32388, stack(0x0000000214500000,0x0000000214600000) (1024K)]
  0x0000015b8eb82dd0 JavaThread "Thread-9"                   daemon [_thread_in_native, id=24736, stack(0x0000000214600000,0x0000000214700000) (1024K)]
  0x0000015b8eb85530 JavaThread "pool-2-thread-1"                   [_thread_blocked, id=21240, stack(0x0000000214700000,0x0000000214800000) (1024K)]
  0x0000015b8eb83460 JavaThread "WorkspaceEventsHandler"            [_thread_blocked, id=32340, stack(0x0000000214800000,0x0000000214900000) (1024K)]
  0x0000015b8ff9c4d0 JavaThread "pool-1-thread-1"                   [_thread_blocked, id=27932, stack(0x0000000214900000,0x0000000214a00000) (1024K)]
  0x0000015b8ff9d1f0 JavaThread "Timer-0"                           [_thread_blocked, id=9100, stack(0x0000000214c00000,0x0000000214d00000) (1024K)]
  0x0000015b8efb8610 JavaThread "Worker-7"                          [_thread_blocked, id=33312, stack(0x0000000213100000,0x0000000213200000) (1024K)]
Total: 35

Other Threads:
  0x0000015b2f28ebe0 VMThread "VM Thread"                           [id=21388, stack(0x0000000211900000,0x0000000211a00000) (1024K)]
  0x0000015b2f05ca00 WatcherThread "VM Periodic Task Thread"        [id=13156, stack(0x0000000211800000,0x0000000211900000) (1024K)]
  0x0000015b2f1eb460 WorkerThread "GC Thread#0"                     [id=27484, stack(0x0000000211700000,0x0000000211800000) (1024K)]
  0x0000015b8d6d41a0 WorkerThread "GC Thread#1"                     [id=3044, stack(0x0000000212500000,0x0000000212600000) (1024K)]
  0x0000015b8d099b80 WorkerThread "GC Thread#2"                     [id=6216, stack(0x0000000212600000,0x0000000212700000) (1024K)]
  0x0000015b8d4922e0 WorkerThread "GC Thread#3"                     [id=30660, stack(0x0000000212700000,0x0000000212800000) (1024K)]
  0x0000015b8d492680 WorkerThread "GC Thread#4"                     [id=30452, stack(0x0000000212800000,0x0000000212900000) (1024K)]
  0x0000015b8d492a20 WorkerThread "GC Thread#5"                     [id=30704, stack(0x0000000212900000,0x0000000212a00000) (1024K)]
  0x0000015b8d492dc0 WorkerThread "GC Thread#6"                     [id=17284, stack(0x0000000212a00000,0x0000000212b00000) (1024K)]
  0x0000015b2f1510a0 WorkerThread "GC Thread#7"                     [id=31956, stack(0x0000000212400000,0x0000000212500000) (1024K)]
Total: 10

Threads with active compile tasks:
Total: 0

VM state: not at safepoint (normal execution)

VM Mutex/Monitor currently owned by a thread: None

Heap address: 0x0000000080000000, size: 2048 MB, Compressed Oops mode: 32-bit

CDS archive(s) mapped at: [0x0000015b46000000-0x0000015b46ba0000-0x0000015b46ba0000), size 12189696, SharedBaseAddress: 0x0000015b46000000, ArchiveRelocationMode: 1.
Compressed class space mapped at: 0x0000015b47000000-0x0000015b87000000, reserved size: 1073741824
Narrow klass base: 0x0000015b46000000, Narrow klass shift: 0, Narrow klass range: 0x100000000

GC Precious Log:
 CardTable entry size: 512
 CPUs: 8 total, 8 available
 Memory: 16227M
 Large Page Support: Disabled
 NUMA Support: Disabled
 Compressed Oops: Enabled (32-bit)
 Alignments: Space 512K, Generation 512K, Heap 2M
 Heap Min Capacity: 100M
 Heap Initial Capacity: 100M
 Heap Max Capacity: 2G
 Pre-touch: Disabled
 Parallel Workers: 8

Heap:
 PSYoungGen      total 2560K, used 1537K [0x00000000d5580000, 0x00000000d5a00000, 0x0000000100000000)
  eden space 2048K, 67% used [0x00000000d5580000,0x00000000d56d87e0,0x00000000d5780000)
  from space 512K, 31% used [0x00000000d5980000,0x00000000d59a8000,0x00000000d5a00000)
  to   space 512K, 0% used [0x00000000d5900000,0x00000000d5900000,0x00000000d5980000)
 ParOldGen       total 244736K, used 244574K [0x0000000080000000, 0x000000008ef00000, 0x00000000d5580000)
  object space 244736K, 99% used [0x0000000080000000,0x000000008eed7810,0x000000008ef00000)
 Metaspace       used 73229K, committed 74752K, reserved 1179648K
  class space    used 7854K, committed 8640K, reserved 1048576K

Card table byte_map: [0x0000015b2eb70000,0x0000015b2ef80000] _byte_map_base: 0x0000015b2e770000

Marking Bits: (ParMarkBitMap*) 0x00007ffc525d2460
 Begin Bits: [0x0000015b41680000, 0x0000015b43680000)
 End Bits:   [0x0000015b43680000, 0x0000015b45680000)

Polling page: 0x0000015b2d010000

Metaspace:

Usage:
  Non-class:     63.84 MB used.
      Class:      7.67 MB used.
       Both:     71.51 MB used.

Virtual space:
  Non-class space:      128.00 MB reserved,      64.56 MB ( 50%) committed,  2 nodes.
      Class space:        1.00 GB reserved,       8.44 MB ( <1%) committed,  1 nodes.
             Both:        1.12 GB reserved,      73.00 MB (  6%) committed. 

Chunk freelists:
   Non-Class:  14.63 MB
       Class:  7.57 MB
        Both:  22.19 MB

MaxMetaspaceSize: unlimited
CompressedClassSpaceSize: 1.00 GB
Initial GC threshold: 21.00 MB
Current GC threshold: 120.56 MB
CDS: on
 - commit_granule_bytes: 65536.
 - commit_granule_words: 8192.
 - virtual_space_node_default_size: 8388608.
 - enlarge_chunks_in_place: 1.
 - use_allocation_guard: 0.


Internal statistics:

num_allocs_failed_limit: 9.
num_arena_births: 1372.
num_arena_deaths: 338.
num_vsnodes_births: 3.
num_vsnodes_deaths: 0.
num_space_committed: 1168.
num_space_uncommitted: 0.
num_chunks_returned_to_freelist: 369.
num_chunks_taken_from_freelist: 4876.
num_chunk_merges: 100.
num_chunk_splits: 2959.
num_chunks_enlarged: 1808.
num_inconsistent_stats: 0.

CodeHeap 'non-profiled nmethods': size=120000Kb used=16274Kb max_used=16274Kb free=103725Kb
 bounds [0x0000015b39ea0000, 0x0000015b3ae90000, 0x0000015b413d0000]
CodeHeap 'profiled nmethods': size=120000Kb used=34684Kb max_used=34684Kb free=85315Kb
 bounds [0x0000015b323d0000, 0x0000015b345c0000, 0x0000015b39900000]
CodeHeap 'non-nmethods': size=5760Kb used=1440Kb max_used=1580Kb free=4319Kb
 bounds [0x0000015b39900000, 0x0000015b39b70000, 0x0000015b39ea0000]
CodeCache: size=245760Kb, used=52398Kb, max_used=52538Kb, free=193359Kb
 total_blobs=14368, nmethods=13615, adapters=658, full_count=0
Compilation: enabled, stopped_count=0, restarted_count=0

Compilation events (20 events):
Event: 165521.540 Thread 0x0000015b88440130 16004       3       com.google.gson.stream.JsonReader::endArray (60 bytes)
Event: 165521.540 Thread 0x0000015b88440130 nmethod 16004 0x0000015b345b3210 code [0x0000015b345b33e0, 0x0000015b345b36c8]
Event: 165521.618 Thread 0x0000015b88440130 16005       3       java.util.concurrent.locks.AbstractQueuedSynchronizer$ConditionNode::block (15 bytes)
Event: 165521.621 Thread 0x0000015b88440130 nmethod 16005 0x0000015b345b3810 code [0x0000015b345b3a00, 0x0000015b345b3fd0]
Event: 165528.299 Thread 0x0000015b2f14cb80 16006       4       java.net.URI::getRawSchemeSpecificPart (156 bytes)
Event: 165528.315 Thread 0x0000015b2f14cb80 nmethod 16006 0x0000015b3ae83990 code [0x0000015b3ae83b60, 0x0000015b3ae84220]
Event: 165692.758 Thread 0x0000015b88440130 16007       3       jdk.xml.internal.JdkProperty$ImplPropMap::is (60 bytes)
Event: 165692.759 Thread 0x0000015b88440130 nmethod 16007 0x0000015b345b4190 code [0x0000015b345b4360, 0x0000015b345b4678]
Event: 165692.760 Thread 0x0000015b88440130 16008       3       org.eclipse.core.runtime.NullProgressMonitor::internalWorked (1 bytes)
Event: 165692.761 Thread 0x0000015b88440130 nmethod 16008 0x0000015b3310d590 code [0x0000015b3310d720, 0x0000015b3310d828]
Event: 165692.764 Thread 0x0000015b88440130 16009       3       java.util.concurrent.ForkJoinPool::compareAndExchangeCtl (13 bytes)
Event: 165692.765 Thread 0x0000015b88440130 nmethod 16009 0x0000015b3317cd10 code [0x0000015b3317cec0, 0x0000015b3317d020]
Event: 165692.765 Thread 0x0000015b88440130 16010       3       java.util.stream.SpinedBuffer::capacity (38 bytes)
Event: 165692.766 Thread 0x0000015b88440130 nmethod 16010 0x0000015b345b4790 code [0x0000015b345b4940, 0x0000015b345b4b30]
Event: 165692.773 Thread 0x0000015b88440130 16011       3       java.io.FileOutputStream::<init> (22 bytes)
Event: 165692.774 Thread 0x0000015b88440130 nmethod 16011 0x0000015b345b4c90 code [0x0000015b345b4e60, 0x0000015b345b50a8]
Event: 165692.774 Thread 0x0000015b88440130 16012       3       java.io.DataOutputStream::<init> (19 bytes)
Event: 165692.774 Thread 0x0000015b88440130 nmethod 16012 0x0000015b345b5190 code [0x0000015b345b5360, 0x0000015b345b5730]
Event: 165692.777 Thread 0x0000015b88440130 16013       1       org.eclipse.core.internal.resources.Workspace::getBuildManager (5 bytes)
Event: 165692.779 Thread 0x0000015b88440130 nmethod 16013 0x0000015b3ae84690 code [0x0000015b3ae84820, 0x0000015b3ae848e8]

GC Heap History (20 events):
Event: 165256.124 GC heap before
{Heap before GC invocations=749 (full 4):
 PSYoungGen      total 2560K, used 2271K [0x00000000d5580000, 0x00000000d5a00000, 0x0000000100000000)
  eden space 2048K, 99% used [0x00000000d5580000,0x00000000d577ffe8,0x00000000d5780000)
  from space 512K, 43% used [0x00000000d5980000,0x00000000d59b8000,0x00000000d5a00000)
  to   space 512K, 0% used [0x00000000d5900000,0x00000000d5900000,0x00000000d5980000)
 ParOldGen       total 244736K, used 244326K [0x0000000080000000, 0x000000008ef00000, 0x00000000d5580000)
  object space 244736K, 99% used [0x0000000080000000,0x000000008ee99810,0x000000008ef00000)
 Metaspace       used 73221K, committed 74752K, reserved 1179648K
  class space    used 7854K, committed 8640K, reserved 1048576K
}
Event: 165256.129 GC heap after
{Heap after GC invocations=749 (full 4):
 PSYoungGen      total 2560K, used 224K [0x00000000d5580000, 0x00000000d5a00000, 0x0000000100000000)
  eden space 2048K, 0% used [0x00000000d5580000,0x00000000d5580000,0x00000000d5780000)
  from space 512K, 43% used [0x00000000d5900000,0x00000000d5938000,0x00000000d5980000)
  to   space 512K, 0% used [0x00000000d5980000,0x00000000d5980000,0x00000000d5a00000)
 ParOldGen       total 244736K, used 244358K [0x0000000080000000, 0x000000008ef00000, 0x00000000d5580000)
  object space 244736K, 99% used [0x0000000080000000,0x000000008eea1810,0x000000008ef00000)
 Metaspace       used 73221K, committed 74752K, reserved 1179648K
  class space    used 7854K, committed 8640K, reserved 1048576K
}
Event: 165419.371 GC heap before
{Heap before GC invocations=750 (full 4):
 PSYoungGen      total 2560K, used 2272K [0x00000000d5580000, 0x00000000d5a00000, 0x0000000100000000)
  eden space 2048K, 100% used [0x00000000d5580000,0x00000000d5780000,0x00000000d5780000)
  from space 512K, 43% used [0x00000000d5900000,0x00000000d5938000,0x00000000d5980000)
  to   space 512K, 0% used [0x00000000d5980000,0x00000000d5980000,0x00000000d5a00000)
 ParOldGen       total 244736K, used 244358K [0x0000000080000000, 0x000000008ef00000, 0x00000000d5580000)
  object space 244736K, 99% used [0x0000000080000000,0x000000008eea1810,0x000000008ef00000)
 Metaspace       used 73224K, committed 74752K, reserved 1179648K
  class space    used 7854K, committed 8640K, reserved 1048576K
}
Event: 165419.375 GC heap after
{Heap after GC invocations=750 (full 4):
 PSYoungGen      total 2560K, used 224K [0x00000000d5580000, 0x00000000d5a00000, 0x0000000100000000)
  eden space 2048K, 0% used [0x00000000d5580000,0x00000000d5580000,0x00000000d5780000)
  from space 512K, 43% used [0x00000000d5980000,0x00000000d59b8000,0x00000000d5a00000)
  to   space 512K, 0% used [0x00000000d5900000,0x00000000d5900000,0x00000000d5980000)
 ParOldGen       total 244736K, used 244406K [0x0000000080000000, 0x000000008ef00000, 0x00000000d5580000)
  object space 244736K, 99% used [0x0000000080000000,0x000000008eead810,0x000000008ef00000)
 Metaspace       used 73224K, committed 74752K, reserved 1179648K
  class space    used 7854K, committed 8640K, reserved 1048576K
}
Event: 165419.414 GC heap before
{Heap before GC invocations=751 (full 4):
 PSYoungGen      total 2560K, used 2272K [0x00000000d5580000, 0x00000000d5a00000, 0x0000000100000000)
  eden space 2048K, 100% used [0x00000000d5580000,0x00000000d5780000,0x00000000d5780000)
  from space 512K, 43% used [0x00000000d5980000,0x00000000d59b8000,0x00000000d5a00000)
  to   space 512K, 0% used [0x00000000d5900000,0x00000000d5900000,0x00000000d5980000)
 ParOldGen       total 244736K, used 244406K [0x0000000080000000, 0x000000008ef00000, 0x00000000d5580000)
  object space 244736K, 99% used [0x0000000080000000,0x000000008eead810,0x000000008ef00000)
 Metaspace       used 73224K, committed 74752K, reserved 1179648K
  class space    used 7854K, committed 8640K, reserved 1048576K
}
Event: 165419.416 GC heap after
{Heap after GC invocations=751 (full 4):
 PSYoungGen      total 2560K, used 192K [0x00000000d5580000, 0x00000000d5a00000, 0x0000000100000000)
  eden space 2048K, 0% used [0x00000000d5580000,0x00000000d5580000,0x00000000d5780000)
  from space 512K, 37% used [0x00000000d5900000,0x00000000d5930000,0x00000000d5980000)
  to   space 512K, 0% used [0x00000000d5980000,0x00000000d5980000,0x00000000d5a00000)
 ParOldGen       total 244736K, used 244454K [0x0000000080000000, 0x000000008ef00000, 0x00000000d5580000)
  object space 244736K, 99% used [0x0000000080000000,0x000000008eeb9810,0x000000008ef00000)
 Metaspace       used 73224K, committed 74752K, reserved 1179648K
  class space    used 7854K, committed 8640K, reserved 1048576K
}
Event: 165457.360 GC heap before
{Heap before GC invocations=752 (full 4):
 PSYoungGen      total 2560K, used 2240K [0x00000000d5580000, 0x00000000d5a00000, 0x0000000100000000)
  eden space 2048K, 100% used [0x00000000d5580000,0x00000000d5780000,0x00000000d5780000)
  from space 512K, 37% used [0x00000000d5900000,0x00000000d5930000,0x00000000d5980000)
  to   space 512K, 0% used [0x00000000d5980000,0x00000000d5980000,0x00000000d5a00000)
 ParOldGen       total 244736K, used 244454K [0x0000000080000000, 0x000000008ef00000, 0x00000000d5580000)
  object space 244736K, 99% used [0x0000000080000000,0x000000008eeb9810,0x000000008ef00000)
 Metaspace       used 73225K, committed 74752K, reserved 1179648K
  class space    used 7854K, committed 8640K, reserved 1048576K
}
Event: 165457.362 GC heap after
{Heap after GC invocations=752 (full 4):
 PSYoungGen      total 2560K, used 192K [0x00000000d5580000, 0x00000000d5a00000, 0x0000000100000000)
  eden space 2048K, 0% used [0x00000000d5580000,0x00000000d5580000,0x00000000d5780000)
  from space 512K, 37% used [0x00000000d5980000,0x00000000d59b0000,0x00000000d5a00000)
  to   space 512K, 0% used [0x00000000d5900000,0x00000000d5900000,0x00000000d5980000)
 ParOldGen       total 244736K, used 244494K [0x0000000080000000, 0x000000008ef00000, 0x00000000d5580000)
  object space 244736K, 99% used [0x0000000080000000,0x000000008eec3810,0x000000008ef00000)
 Metaspace       used 73225K, committed 74752K, reserved 1179648K
  class space    used 7854K, committed 8640K, reserved 1048576K
}
Event: 165466.567 GC heap before
{Heap before GC invocations=753 (full 4):
 PSYoungGen      total 2560K, used 2240K [0x00000000d5580000, 0x00000000d5a00000, 0x0000000100000000)
  eden space 2048K, 100% used [0x00000000d5580000,0x00000000d5780000,0x00000000d5780000)
  from space 512K, 37% used [0x00000000d5980000,0x00000000d59b0000,0x00000000d5a00000)
  to   space 512K, 0% used [0x00000000d5900000,0x00000000d5900000,0x00000000d5980000)
 ParOldGen       total 244736K, used 244494K [0x0000000080000000, 0x000000008ef00000, 0x00000000d5580000)
  object space 244736K, 99% used [0x0000000080000000,0x000000008eec3810,0x000000008ef00000)
 Metaspace       used 73225K, committed 74752K, reserved 1179648K
  class space    used 7854K, committed 8640K, reserved 1048576K
}
Event: 165466.568 GC heap after
{Heap after GC invocations=753 (full 4):
 PSYoungGen      total 2560K, used 192K [0x00000000d5580000, 0x00000000d5a00000, 0x0000000100000000)
  eden space 2048K, 0% used [0x00000000d5580000,0x00000000d5580000,0x00000000d5780000)
  from space 512K, 37% used [0x00000000d5900000,0x00000000d5930000,0x00000000d5980000)
  to   space 512K, 0% used [0x00000000d5980000,0x00000000d5980000,0x00000000d5a00000)
 ParOldGen       total 244736K, used 244542K [0x0000000080000000, 0x000000008ef00000, 0x00000000d5580000)
  object space 244736K, 99% used [0x0000000080000000,0x000000008eecf810,0x000000008ef00000)
 Metaspace       used 73225K, committed 74752K, reserved 1179648K
  class space    used 7854K, committed 8640K, reserved 1048576K
}
Event: 165476.074 GC heap before
{Heap before GC invocations=754 (full 4):
 PSYoungGen      total 2560K, used 2239K [0x00000000d5580000, 0x00000000d5a00000, 0x0000000100000000)
  eden space 2048K, 99% used [0x00000000d5580000,0x00000000d577ffe8,0x00000000d5780000)
  from space 512K, 37% used [0x00000000d5900000,0x00000000d5930000,0x00000000d5980000)
  to   space 512K, 0% used [0x00000000d5980000,0x00000000d5980000,0x00000000d5a00000)
 ParOldGen       total 244736K, used 244542K [0x0000000080000000, 0x000000008ef00000, 0x00000000d5580000)
  object space 244736K, 99% used [0x0000000080000000,0x000000008eecf810,0x000000008ef00000)
 Metaspace       used 73225K, committed 74752K, reserved 1179648K
  class space    used 7854K, committed 8640K, reserved 1048576K
}
Event: 165476.075 GC heap after
{Heap after GC invocations=754 (full 4):
 PSYoungGen      total 2560K, used 160K [0x00000000d5580000, 0x00000000d5a00000, 0x0000000100000000)
  eden space 2048K, 0% used [0x00000000d5580000,0x00000000d5580000,0x00000000d5780000)
  from space 512K, 31% used [0x00000000d5980000,0x00000000d59a8000,0x00000000d5a00000)
  to   space 512K, 0% used [0x00000000d5900000,0x00000000d5900000,0x00000000d5980000)
 ParOldGen       total 244736K, used 244550K [0x0000000080000000, 0x000000008ef00000, 0x00000000d5580000)
  object space 244736K, 99% used [0x0000000080000000,0x000000008eed1810,0x000000008ef00000)
 Metaspace       used 73225K, committed 74752K, reserved 1179648K
  class space    used 7854K, committed 8640K, reserved 1048576K
}
Event: 165489.883 GC heap before
{Heap before GC invocations=755 (full 4):
 PSYoungGen      total 2560K, used 2208K [0x00000000d5580000, 0x00000000d5a00000, 0x0000000100000000)
  eden space 2048K, 100% used [0x00000000d5580000,0x00000000d5780000,0x00000000d5780000)
  from space 512K, 31% used [0x00000000d5980000,0x00000000d59a8000,0x00000000d5a00000)
  to   space 512K, 0% used [0x00000000d5900000,0x00000000d5900000,0x00000000d5980000)
 ParOldGen       total 244736K, used 244550K [0x0000000080000000, 0x000000008ef00000, 0x00000000d5580000)
  object space 244736K, 99% used [0x0000000080000000,0x000000008eed1810,0x000000008ef00000)
 Metaspace       used 73225K, committed 74752K, reserved 1179648K
  class space    used 7854K, committed 8640K, reserved 1048576K
}
Event: 165489.885 GC heap after
{Heap after GC invocations=755 (full 4):
 PSYoungGen      total 2560K, used 160K [0x00000000d5580000, 0x00000000d5a00000, 0x0000000100000000)
  eden space 2048K, 0% used [0x00000000d5580000,0x00000000d5580000,0x00000000d5780000)
  from space 512K, 31% used [0x00000000d5900000,0x00000000d5928000,0x00000000d5980000)
  to   space 512K, 0% used [0x00000000d5980000,0x00000000d5980000,0x00000000d5a00000)
 ParOldGen       total 244736K, used 244550K [0x0000000080000000, 0x000000008ef00000, 0x00000000d5580000)
  object space 244736K, 99% used [0x0000000080000000,0x000000008eed1810,0x000000008ef00000)
 Metaspace       used 73225K, committed 74752K, reserved 1179648K
  class space    used 7854K, committed 8640K, reserved 1048576K
}
Event: 165507.883 GC heap before
{Heap before GC invocations=756 (full 4):
 PSYoungGen      total 2560K, used 2208K [0x00000000d5580000, 0x00000000d5a00000, 0x0000000100000000)
  eden space 2048K, 100% used [0x00000000d5580000,0x00000000d5780000,0x00000000d5780000)
  from space 512K, 31% used [0x00000000d5900000,0x00000000d5928000,0x00000000d5980000)
  to   space 512K, 0% used [0x00000000d5980000,0x00000000d5980000,0x00000000d5a00000)
 ParOldGen       total 244736K, used 244550K [0x0000000080000000, 0x000000008ef00000, 0x00000000d5580000)
  object space 244736K, 99% used [0x0000000080000000,0x000000008eed1810,0x000000008ef00000)
 Metaspace       used 73225K, committed 74752K, reserved 1179648K
  class space    used 7854K, committed 8640K, reserved 1048576K
}
Event: 165507.885 GC heap after
{Heap after GC invocations=756 (full 4):
 PSYoungGen      total 2560K, used 192K [0x00000000d5580000, 0x00000000d5a00000, 0x0000000100000000)
  eden space 2048K, 0% used [0x00000000d5580000,0x00000000d5580000,0x00000000d5780000)
  from space 512K, 37% used [0x00000000d5980000,0x00000000d59b0000,0x00000000d5a00000)
  to   space 512K, 0% used [0x00000000d5900000,0x00000000d5900000,0x00000000d5980000)
 ParOldGen       total 244736K, used 244550K [0x0000000080000000, 0x000000008ef00000, 0x00000000d5580000)
  object space 244736K, 99% used [0x0000000080000000,0x000000008eed1810,0x000000008ef00000)
 Metaspace       used 73225K, committed 74752K, reserved 1179648K
  class space    used 7854K, committed 8640K, reserved 1048576K
}
Event: 165521.554 GC heap before
{Heap before GC invocations=757 (full 4):
 PSYoungGen      total 2560K, used 2240K [0x00000000d5580000, 0x00000000d5a00000, 0x0000000100000000)
  eden space 2048K, 100% used [0x00000000d5580000,0x00000000d5780000,0x00000000d5780000)
  from space 512K, 37% used [0x00000000d5980000,0x00000000d59b0000,0x00000000d5a00000)
  to   space 512K, 0% used [0x00000000d5900000,0x00000000d5900000,0x00000000d5980000)
 ParOldGen       total 244736K, used 244550K [0x0000000080000000, 0x000000008ef00000, 0x00000000d5580000)
  object space 244736K, 99% used [0x0000000080000000,0x000000008eed1810,0x000000008ef00000)
 Metaspace       used 73227K, committed 74752K, reserved 1179648K
  class space    used 7854K, committed 8640K, reserved 1048576K
}
Event: 165521.555 GC heap after
{Heap after GC invocations=757 (full 4):
 PSYoungGen      total 2560K, used 192K [0x00000000d5580000, 0x00000000d5a00000, 0x0000000100000000)
  eden space 2048K, 0% used [0x00000000d5580000,0x00000000d5580000,0x00000000d5780000)
  from space 512K, 37% used [0x00000000d5900000,0x00000000d5930000,0x00000000d5980000)
  to   space 512K, 0% used [0x00000000d5980000,0x00000000d5980000,0x00000000d5a00000)
 ParOldGen       total 244736K, used 244574K [0x0000000080000000, 0x000000008ef00000, 0x00000000d5580000)
  object space 244736K, 99% used [0x0000000080000000,0x000000008eed7810,0x000000008ef00000)
 Metaspace       used 73227K, committed 74752K, reserved 1179648K
  class space    used 7854K, committed 8640K, reserved 1048576K
}
Event: 165533.425 GC heap before
{Heap before GC invocations=758 (full 4):
 PSYoungGen      total 2560K, used 2240K [0x00000000d5580000, 0x00000000d5a00000, 0x0000000100000000)
  eden space 2048K, 100% used [0x00000000d5580000,0x00000000d5780000,0x00000000d5780000)
  from space 512K, 37% used [0x00000000d5900000,0x00000000d5930000,0x00000000d5980000)
  to   space 512K, 0% used [0x00000000d5980000,0x00000000d5980000,0x00000000d5a00000)
 ParOldGen       total 244736K, used 244574K [0x0000000080000000, 0x000000008ef00000, 0x00000000d5580000)
  object space 244736K, 99% used [0x0000000080000000,0x000000008eed7810,0x000000008ef00000)
 Metaspace       used 73228K, committed 74752K, reserved 1179648K
  class space    used 7854K, committed 8640K, reserved 1048576K
}
Event: 165533.427 GC heap after
{Heap after GC invocations=758 (full 4):
 PSYoungGen      total 2560K, used 160K [0x00000000d5580000, 0x00000000d5a00000, 0x0000000100000000)
  eden space 2048K, 0% used [0x00000000d5580000,0x00000000d5580000,0x00000000d5780000)
  from space 512K, 31% used [0x00000000d5980000,0x00000000d59a8000,0x00000000d5a00000)
  to   space 512K, 0% used [0x00000000d5900000,0x00000000d5900000,0x00000000d5980000)
 ParOldGen       total 244736K, used 244574K [0x0000000080000000, 0x000000008ef00000, 0x00000000d5580000)
  object space 244736K, 99% used [0x0000000080000000,0x000000008eed7810,0x000000008ef00000)
 Metaspace       used 73228K, committed 74752K, reserved 1179648K
  class space    used 7854K, committed 8640K, reserved 1048576K
}

Dll operation events (13 events):
Event: 0.030 Loaded shared library c:\Users\NAC\.vscode\extensions\redhat.java-1.51.0-win32-x64\jre\21.0.9-win32-x86_64\bin\java.dll
Event: 0.187 Loaded shared library c:\Users\NAC\.vscode\extensions\redhat.java-1.51.0-win32-x64\jre\21.0.9-win32-x86_64\bin\zip.dll
Event: 0.243 Loaded shared library C:\Users\NAC\.vscode\extensions\redhat.java-1.51.0-win32-x64\jre\21.0.9-win32-x86_64\bin\instrument.dll
Event: 0.256 Loaded shared library C:\Users\NAC\.vscode\extensions\redhat.java-1.51.0-win32-x64\jre\21.0.9-win32-x86_64\bin\net.dll
Event: 0.261 Loaded shared library C:\Users\NAC\.vscode\extensions\redhat.java-1.51.0-win32-x64\jre\21.0.9-win32-x86_64\bin\nio.dll
Event: 0.273 Loaded shared library C:\Users\NAC\.vscode\extensions\redhat.java-1.51.0-win32-x64\jre\21.0.9-win32-x86_64\bin\zip.dll
Event: 0.355 Loaded shared library C:\Users\NAC\.vscode\extensions\redhat.java-1.51.0-win32-x64\jre\21.0.9-win32-x86_64\bin\jimage.dll
Event: 0.511 Loaded shared library c:\Users\NAC\.vscode\extensions\redhat.java-1.51.0-win32-x64\jre\21.0.9-win32-x86_64\bin\verify.dll
Event: 13.099 Loaded shared library C:\Users\NAC\AppData\Roaming\Code\User\globalStorage\redhat.java\1.51.0\config_win\org.eclipse.equinox.launcher\org.eclipse.equinox.launcher.win32.win32.x86_64_1.2.1400.v20250801-0854\eclipse_11916.dll
Event: 30.049 Loaded shared library C:\Users\NAC\AppData\Local\Temp\jna-77040\jna11520062402007635865.dll
Event: 38.717 Loaded shared library C:\Users\NAC\.gradle\native\1def1411415f61bf3af743bc5b6707747c0891f09f0c88961ee8f79bc544acac\windows-amd64\native-platform.dll
Event: 41.281 Loaded shared library C:\Users\NAC\.vscode\extensions\redhat.java-1.51.0-win32-x64\jre\21.0.9-win32-x86_64\bin\management.dll
Event: 41.285 Loaded shared library C:\Users\NAC\.vscode\extensions\redhat.java-1.51.0-win32-x64\jre\21.0.9-win32-x86_64\bin\management_ext.dll

Deoptimization events (20 events):
Event: 163357.539 Thread 0x0000015b8e609be0 DEOPT PACKING pc=0x0000015b3344ee01 sp=0x00000002135fe160
Event: 163357.539 Thread 0x0000015b8e609be0 DEOPT UNPACKING pc=0x0000015b39954242 sp=0x00000002135fd600 mode 0
Event: 163359.697 Thread 0x0000015b8fcf93e0 DEOPT PACKING pc=0x0000015b32b6a9f7 sp=0x00000002137fec50
Event: 163359.697 Thread 0x0000015b8fcf93e0 DEOPT UNPACKING pc=0x0000015b39954242 sp=0x00000002137fe110 mode 0
Event: 163359.743 Thread 0x0000015b8fcf93e0 Uncommon trap: trap_request=0xffffffde fr.pc=0x0000015b3abb1aa0 relative=0x0000000000000560
Event: 163359.743 Thread 0x0000015b8fcf93e0 Uncommon trap: reason=class_check action=maybe_recompile pc=0x0000015b3abb1aa0 method=org.eclipse.jdt.internal.compiler.lookup.LookupEnvironment.convertUnresolvedBinaryToRawType(Lorg/eclipse/jdt/internal/compiler/lookup/TypeBinding;)Lorg/eclipse/jdt/inter
Event: 163359.743 Thread 0x0000015b8fcf93e0 DEOPT PACKING pc=0x0000015b3abb1aa0 sp=0x00000002137fe1f0
Event: 163359.743 Thread 0x0000015b8fcf93e0 DEOPT UNPACKING pc=0x0000015b39953aa2 sp=0x00000002137fe180 mode 2
Event: 163359.844 Thread 0x0000015b8e608830 DEOPT PACKING pc=0x0000015b328f06c8 sp=0x00000002132fed80
Event: 163359.844 Thread 0x0000015b8e608830 DEOPT UNPACKING pc=0x0000015b39954242 sp=0x00000002132fe270 mode 0
Event: 163360.723 Thread 0x0000015b8e608830 DEOPT PACKING pc=0x0000015b33b84121 sp=0x00000002132fea10
Event: 163360.723 Thread 0x0000015b8e608830 DEOPT UNPACKING pc=0x0000015b39954242 sp=0x00000002132fdf00 mode 0
Event: 163377.351 Thread 0x0000015b8e609be0 Uncommon trap: trap_request=0xffffff6e fr.pc=0x0000015b3ae6443c relative=0x000000000000061c
Event: 163377.351 Thread 0x0000015b8e609be0 Uncommon trap: reason=loop_limit_check action=maybe_recompile pc=0x0000015b3ae6443c method=org.eclipse.jdt.internal.compiler.parser.Parser.consumeFieldDeclaration()V @ 52 c2
Event: 163377.351 Thread 0x0000015b8e609be0 DEOPT PACKING pc=0x0000015b3ae6443c sp=0x00000002135fe3f0
Event: 163377.351 Thread 0x0000015b8e609be0 DEOPT UNPACKING pc=0x0000015b39953aa2 sp=0x00000002135fe398 mode 2
Event: 165241.419 Thread 0x0000015b8efb8610 Uncommon trap: trap_request=0xffffffcc fr.pc=0x0000015b3ae7d364 relative=0x00000000000001a4
Event: 165241.419 Thread 0x0000015b8efb8610 Uncommon trap: reason=intrinsic_or_type_checked_inlining action=make_not_entrant pc=0x0000015b3ae7d364 method=org.eclipse.core.internal.resources.WorkspaceRoot.getProjects(I)[Lorg/eclipse/core/resources/IProject; @ 8 c2
Event: 165241.420 Thread 0x0000015b8efb8610 DEOPT PACKING pc=0x0000015b3ae7d364 sp=0x00000002131fedd0
Event: 165241.421 Thread 0x0000015b8efb8610 DEOPT UNPACKING pc=0x0000015b39953aa2 sp=0x00000002131fed48 mode 2

Classes loaded (20 events):
Event: 160592.267 Loading class java/util/stream/Nodes$IntArrayNode done
Event: 160592.268 Loading class java/util/stream/Nodes$IntFixedNodeBuilder done
Event: 160592.268 Loading class java/util/stream/ReferencePipeline$4$1
Event: 160592.268 Loading class java/util/stream/ReferencePipeline$4$1 done
Event: 160599.058 Loading class java/util/stream/ReduceOps$4
Event: 160599.059 Loading class java/util/stream/ReduceOps$4 done
Event: 160599.059 Loading class java/util/stream/ReduceOps$4ReducingSink
Event: 160599.060 Loading class java/util/stream/ReduceOps$4ReducingSink done
Event: 160599.064 Loading class java/nio/file/Files$2
Event: 160599.065 Loading class java/nio/file/Files$2 done
Event: 160604.834 Loading class java/lang/UnsupportedClassVersionError
Event: 160604.835 Loading class java/lang/UnsupportedClassVersionError done
Event: 160607.440 Loading class java/util/Hashtable$ValueCollection
Event: 160607.441 Loading class java/util/Hashtable$ValueCollection done
Event: 160607.478 Loading class java/util/concurrent/ConcurrentHashMap$KeySpliterator
Event: 160607.479 Loading class java/util/concurrent/ConcurrentHashMap$KeySpliterator done
Event: 160613.886 Loading class jdk/internal/math/FDBigInteger
Event: 160613.889 Loading class jdk/internal/math/FDBigInteger done
Event: 160627.774 Loading class sun/nio/fs/WindowsFileCopy
Event: 160627.778 Loading class sun/nio/fs/WindowsFileCopy done

Classes unloaded (20 events):
Event: 160633.477 Thread 0x0000015b2f28ebe0 Unloading class 0x0000015b47018400 'java/lang/invoke/LambdaForm$MH+0x0000015b47018400'
Event: 160633.477 Thread 0x0000015b2f28ebe0 Unloading class 0x0000015b47018000 'java/lang/invoke/LambdaForm$MH+0x0000015b47018000'
Event: 160633.477 Thread 0x0000015b2f28ebe0 Unloading class 0x0000015b47017400 'java/lang/invoke/LambdaForm$MH+0x0000015b47017400'
Event: 160633.477 Thread 0x0000015b2f28ebe0 Unloading class 0x0000015b47016400 'java/lang/invoke/LambdaForm$MH+0x0000015b47016400'
Event: 160633.477 Thread 0x0000015b2f28ebe0 Unloading class 0x0000015b4700d800 'java/lang/invoke/LambdaForm$MH+0x0000015b4700d800'
Event: 160633.478 Thread 0x0000015b2f28ebe0 Unloading class 0x0000015b4700d400 'java/lang/invoke/LambdaForm$MH+0x0000015b4700d400'
Event: 160633.478 Thread 0x0000015b2f28ebe0 Unloading class 0x0000015b4700d000 'java/lang/invoke/LambdaForm$MH+0x0000015b4700d000'
Event: 160633.478 Thread 0x0000015b2f28ebe0 Unloading class 0x0000015b4700cc00 'java/lang/invoke/LambdaForm$MH+0x0000015b4700cc00'
Event: 160633.478 Thread 0x0000015b2f28ebe0 Unloading class 0x0000015b4700c800 'java/lang/invoke/LambdaForm$BMH+0x0000015b4700c800'
Event: 160633.478 Thread 0x0000015b2f28ebe0 Unloading class 0x0000015b4700c000 'java/lang/invoke/LambdaForm$DMH+0x0000015b4700c000'
Event: 160633.479 Thread 0x0000015b2f28ebe0 Unloading class 0x0000015b47008c00 'java/lang/invoke/LambdaForm$MH+0x0000015b47008c00'
Event: 160633.479 Thread 0x0000015b2f28ebe0 Unloading class 0x0000015b47008800 'java/lang/invoke/LambdaForm$MH+0x0000015b47008800'
Event: 160633.479 Thread 0x0000015b2f28ebe0 Unloading class 0x0000015b47008400 'java/lang/invoke/LambdaForm$MH+0x0000015b47008400'
Event: 160633.479 Thread 0x0000015b2f28ebe0 Unloading class 0x0000015b47007000 'java/lang/invoke/LambdaForm$MH+0x0000015b47007000'
Event: 160633.479 Thread 0x0000015b2f28ebe0 Unloading class 0x0000015b47006800 'java/lang/invoke/LambdaForm$MH+0x0000015b47006800'
Event: 160633.479 Thread 0x0000015b2f28ebe0 Unloading class 0x0000015b47006400 'java/lang/invoke/LambdaForm$MH+0x0000015b47006400'
Event: 160633.479 Thread 0x0000015b2f28ebe0 Unloading class 0x0000015b47006000 'java/lang/invoke/LambdaForm$MH+0x0000015b47006000'
Event: 160633.479 Thread 0x0000015b2f28ebe0 Unloading class 0x0000015b47005c00 'java/lang/invoke/LambdaForm$BMH+0x0000015b47005c00'
Event: 160633.479 Thread 0x0000015b2f28ebe0 Unloading class 0x0000015b47004800 'java/lang/invoke/LambdaForm$DMH+0x0000015b47004800'
Event: 160633.479 Thread 0x0000015b2f28ebe0 Unloading class 0x0000015b47000400 'java/lang/invoke/LambdaForm$MH+0x0000015b47000400'

Classes redefined (0 events):
No events

Internal exceptions (20 events):
Event: 163359.405 Thread 0x0000015b8eb83460 Exception <a 'sun/nio/fs/WindowsException'{0x00000000d56acbf8}> (0x00000000d56acbf8) 
thrown [s\src\hotspot\share\prims\jni.cpp, line 520]
Event: 163359.827 Thread 0x0000015b8e608830 Exception <a 'sun/nio/fs/WindowsException'{0x00000000d566ac80}> (0x00000000d566ac80) 
thrown [s\src\hotspot\share\prims\jni.cpp, line 520]
Event: 163373.981 Thread 0x0000015b8eb83460 Exception <a 'sun/nio/fs/WindowsException'{0x00000000d55f7928}> (0x00000000d55f7928) 
thrown [s\src\hotspot\share\prims\jni.cpp, line 520]
Event: 163374.030 Thread 0x0000015b8eb83460 Exception <a 'sun/nio/fs/WindowsException'{0x00000000d56cf310}> (0x00000000d56cf310) 
thrown [s\src\hotspot\share\prims\jni.cpp, line 520]
Event: 163374.036 Thread 0x0000015b8e608830 Exception <a 'sun/nio/fs/WindowsException'{0x00000000d56f2408}> (0x00000000d56f2408) 
thrown [s\src\hotspot\share\prims\jni.cpp, line 520]
Event: 163374.193 Thread 0x0000015b8e608830 Exception <a 'sun/nio/fs/WindowsException'{0x00000000d55ec108}> (0x00000000d55ec108) 
thrown [s\src\hotspot\share\prims\jni.cpp, line 520]
Event: 163377.228 Thread 0x0000015b8eb83460 Exception <a 'sun/nio/fs/WindowsException'{0x00000000d56a12d0}> (0x00000000d56a12d0) 
thrown [s\src\hotspot\share\prims\jni.cpp, line 520]
Event: 163377.432 Thread 0x0000015b8e608830 Exception <a 'sun/nio/fs/WindowsException'{0x00000000d568b7d0}> (0x00000000d568b7d0) 
thrown [s\src\hotspot\share\prims\jni.cpp, line 520]
Event: 163377.822 Thread 0x0000015b8e608830 Exception <a 'sun/nio/fs/WindowsException'{0x00000000d56d8790}> (0x00000000d56d8790) 
thrown [s\src\hotspot\share\prims\jni.cpp, line 520]
Event: 163378.625 Thread 0x0000015b8eb83460 Exception <a 'sun/nio/fs/WindowsException'{0x00000000d56b5c70}> (0x00000000d56b5c70) 
thrown [s\src\hotspot\share\prims\jni.cpp, line 520]
Event: 163402.629 Thread 0x0000015b8efb8610 Exception <a 'sun/nio/fs/WindowsException'{0x00000000d5593600}> (0x00000000d5593600) 
thrown [s\src\hotspot\share\prims\jni.cpp, line 520]
Event: 163402.629 Thread 0x0000015b8efb8610 Exception <a 'sun/nio/fs/WindowsException'{0x00000000d55941f0}> (0x00000000d55941f0) 
thrown [s\src\hotspot\share\prims\jni.cpp, line 520]
Event: 164070.551 Thread 0x0000015b8e609be0 Exception <a 'sun/nio/fs/WindowsException'{0x00000000d55dbcd8}> (0x00000000d55dbcd8) 
thrown [s\src\hotspot\share\prims\jni.cpp, line 520]
Event: 164070.552 Thread 0x0000015b8e609be0 Exception <a 'sun/nio/fs/WindowsException'{0x00000000d55dc8c8}> (0x00000000d55dc8c8) 
thrown [s\src\hotspot\share\prims\jni.cpp, line 520]
Event: 165054.566 Thread 0x0000015b8e609be0 Exception <a 'sun/nio/fs/WindowsException'{0x00000000d56dca70}> (0x00000000d56dca70) 
thrown [s\src\hotspot\share\prims\jni.cpp, line 520]
Event: 165054.566 Thread 0x0000015b8e609be0 Exception <a 'sun/nio/fs/WindowsException'{0x00000000d56dd660}> (0x00000000d56dd660) 
thrown [s\src\hotspot\share\prims\jni.cpp, line 520]
Event: 165366.064 Thread 0x0000015b8e609be0 Exception <a 'sun/nio/fs/WindowsException'{0x00000000d55a1838}> (0x00000000d55a1838) 
thrown [s\src\hotspot\share\prims\jni.cpp, line 520]
Event: 165366.064 Thread 0x0000015b8e609be0 Exception <a 'sun/nio/fs/WindowsException'{0x00000000d55a2428}> (0x00000000d55a2428) 
thrown [s\src\hotspot\share\prims\jni.cpp, line 520]
Event: 165692.762 Thread 0x0000015b8efb8610 Exception <a 'sun/nio/fs/WindowsException'{0x00000000d5652438}> (0x00000000d5652438) 
thrown [s\src\hotspot\share\prims\jni.cpp, line 520]
Event: 165692.762 Thread 0x0000015b8efb8610 Exception <a 'sun/nio/fs/WindowsException'{0x00000000d5653028}> (0x00000000d5653028) 
thrown [s\src\hotspot\share\prims\jni.cpp, line 520]

ZGC Phase Switch (0 events):
No events

VM Operations (20 events):
Event: 166225.490 Executing VM operation: HandshakeAllThreads (HandshakeForDeflation)
Event: 166225.491 Executing VM operation: HandshakeAllThreads (HandshakeForDeflation) done
Event: 166225.491 Executing VM operation: RendezvousGCThreads
Event: 166225.491 Executing VM operation: RendezvousGCThreads done
Event: 166345.770 Executing VM operation: HandshakeAllThreads (HandshakeForDeflation)
Event: 166345.770 Executing VM operation: HandshakeAllThreads (HandshakeForDeflation) done
Event: 166345.770 Executing VM operation: RendezvousGCThreads
Event: 166345.770 Executing VM operation: RendezvousGCThreads done
Event: 166405.820 Executing VM operation: HandshakeAllThreads (HandshakeForDeflation)
Event: 166405.820 Executing VM operation: HandshakeAllThreads (HandshakeForDeflation) done
Event: 166405.820 Executing VM operation: RendezvousGCThreads
Event: 166405.820 Executing VM operation: RendezvousGCThreads done
Event: 166526.046 Executing VM operation: HandshakeAllThreads (HandshakeForDeflation)
Event: 166526.046 Executing VM operation: HandshakeAllThreads (HandshakeForDeflation) done
Event: 166526.046 Executing VM operation: RendezvousGCThreads
Event: 166526.046 Executing VM operation: RendezvousGCThreads done
Event: 166706.456 Executing VM operation: HandshakeAllThreads (HandshakeForDeflation)
Event: 166706.456 Executing VM operation: HandshakeAllThreads (HandshakeForDeflation) done
Event: 166706.456 Executing VM operation: RendezvousGCThreads
Event: 166706.456 Executing VM operation: RendezvousGCThreads done

Memory protections (0 events):
No events

Nmethod flushes (20 events):
Event: 160633.704 Thread 0x0000015b2f28ebe0 flushing  nmethod 0x0000015b33168590
Event: 160633.704 Thread 0x0000015b2f28ebe0 flushing  nmethod 0x0000015b3316e610
Event: 160633.704 Thread 0x0000015b2f28ebe0 flushing  nmethod 0x0000015b3317a010
Event: 160633.704 Thread 0x0000015b2f28ebe0 flushing  nmethod 0x0000015b3317a890
Event: 160633.704 Thread 0x0000015b2f28ebe0 flushing  nmethod 0x0000015b3317cd10
Event: 160633.704 Thread 0x0000015b2f28ebe0 flushing  nmethod 0x0000015b3317ed90
Event: 160633.704 Thread 0x0000015b2f28ebe0 flushing  nmethod 0x0000015b33185210
Event: 160633.704 Thread 0x0000015b2f28ebe0 flushing  nmethod 0x0000015b33187290
Event: 160633.704 Thread 0x0000015b2f28ebe0 flushing  nmethod 0x0000015b3318ab90
Event: 160633.704 Thread 0x0000015b2f28ebe0 flushing  nmethod 0x0000015b3318e290
Event: 160633.704 Thread 0x0000015b2f28ebe0 flushing  nmethod 0x0000015b3318f590
Event: 160633.704 Thread 0x0000015b2f28ebe0 flushing  nmethod 0x0000015b3319ef10
Event: 160633.704 Thread 0x0000015b2f28ebe0 flushing  nmethod 0x0000015b331b4410
Event: 160633.704 Thread 0x0000015b2f28ebe0 flushing  nmethod 0x0000015b331b4910
Event: 160633.704 Thread 0x0000015b2f28ebe0 flushing  nmethod 0x0000015b331b4f90
Event: 160633.704 Thread 0x0000015b2f28ebe0 flushing  nmethod 0x0000015b331d6110
Event: 160633.704 Thread 0x0000015b2f28ebe0 flushing  nmethod 0x0000015b331d6790
Event: 160633.704 Thread 0x0000015b2f28ebe0 flushing  nmethod 0x0000015b331dae10
Event: 160633.704 Thread 0x0000015b2f28ebe0 flushing  nmethod 0x0000015b331db190
Event: 160633.704 Thread 0x0000015b2f28ebe0 flushing  nmethod 0x0000015b331dba10

Events (20 events):
Event: 165054.568 Thread 0x0000015b8e609be0 Thread added: 0x0000015b8efb78f0
Event: 165054.568 Thread 0x0000015b8efb78f0 Thread added: 0x0000015b8efb7f80
Event: 165054.569 Thread 0x0000015b8efb78f0 Thread added: 0x0000015b8efb8ca0
Event: 165054.570 Thread 0x0000015b8efb8ca0 Thread exited: 0x0000015b8efb8ca0
Event: 165054.570 Thread 0x0000015b8efb78f0 Thread exited: 0x0000015b8efb78f0
Event: 165054.570 Thread 0x0000015b8efb7f80 Thread exited: 0x0000015b8efb7f80
Event: 165366.061 Thread 0x0000015b8e609be0 Thread added: 0x0000015b8efb8ca0
Event: 165366.063 Thread 0x0000015b8efb8ca0 Thread exited: 0x0000015b8efb8ca0
Event: 165366.069 Thread 0x0000015b8e609be0 Thread added: 0x0000015b8efb7260
Event: 165366.071 Thread 0x0000015b8efb7260 Thread added: 0x0000015b8efb8ca0
Event: 165366.071 Thread 0x0000015b8efb7260 Thread added: 0x0000015b8efb78f0
Event: 165366.082 Thread 0x0000015b8efb78f0 Thread exited: 0x0000015b8efb78f0
Event: 165366.082 Thread 0x0000015b8efb8ca0 Thread exited: 0x0000015b8efb8ca0
Event: 165366.082 Thread 0x0000015b8efb7260 Thread exited: 0x0000015b8efb7260
Event: 165692.760 Thread 0x0000015b8efb8610 Thread added: 0x0000015b8efb8ca0
Event: 165692.760 Thread 0x0000015b8efb8ca0 Thread exited: 0x0000015b8efb8ca0
Event: 165692.764 Thread 0x0000015b8efb8610 Thread added: 0x0000015b8efb7260
Event: 165692.764 Thread 0x0000015b8efb7260 Thread added: 0x0000015b8efb8ca0
Event: 165692.765 Thread 0x0000015b8efb7260 Thread exited: 0x0000015b8efb7260
Event: 165692.765 Thread 0x0000015b8efb8ca0 Thread exited: 0x0000015b8efb8ca0


Dynamic libraries:
0x00007ff687670000 - 0x00007ff68767e000 	c:\Users\NAC\.vscode\extensions\redhat.java-1.51.0-win32-x64\jre\21.0.9-win32-x86_64\bin\java.exe
0x00007ffcd5fc0000 - 0x00007ffcd6227000 	C:\WINDOWS\SYSTEM32\ntdll.dll
0x00007ffcd4880000 - 0x00007ffcd4949000 	C:\WINDOWS\System32\KERNEL32.DLL
0x00007ffcd3110000 - 0x00007ffcd34ff000 	C:\WINDOWS\System32\KERNELBASE.dll
0x00007ffcd3820000 - 0x00007ffcd396b000 	C:\WINDOWS\System32\ucrtbase.dll
0x00007ffcaa910000 - 0x00007ffcaa92e000 	c:\Users\NAC\.vscode\extensions\redhat.java-1.51.0-win32-x64\jre\21.0.9-win32-x86_64\bin\VCRUNTIME140.dll
0x00007ffcb1640000 - 0x00007ffcb1658000 	c:\Users\NAC\.vscode\extensions\redhat.java-1.51.0-win32-x64\jre\21.0.9-win32-x86_64\bin\jli.dll
0x00007ffcd4450000 - 0x00007ffcd4615000 	C:\WINDOWS\System32\USER32.dll
0x00007ffcd3670000 - 0x00007ffcd3697000 	C:\WINDOWS\System32\win32u.dll
0x00007ffcd5340000 - 0x00007ffcd536b000 	C:\WINDOWS\System32\GDI32.dll
0x00007ffcd3970000 - 0x00007ffcd3a9c000 	C:\WINDOWS\System32\gdi32full.dll
0x00007ffcd35c0000 - 0x00007ffcd3663000 	C:\WINDOWS\System32\msvcp_win.dll
0x00007ffcb6540000 - 0x00007ffcb67d3000 	C:\WINDOWS\WinSxS\amd64_microsoft.windows.common-controls_6595b64144ccf1df_6.0.26100.7309_none_3e05feeae336a044\COMCTL32.dll
0x00007ffcd42e0000 - 0x00007ffcd4389000 	C:\WINDOWS\System32\msvcrt.dll
0x00007ffcd4630000 - 0x00007ffcd4661000 	C:\WINDOWS\System32\IMM32.DLL
0x00007ffcc8710000 - 0x00007ffcc871c000 	c:\Users\NAC\.vscode\extensions\redhat.java-1.51.0-win32-x64\jre\21.0.9-win32-x86_64\bin\vcruntime140_1.dll
0x00007ffc61c70000 - 0x00007ffc61cfd000 	c:\Users\NAC\.vscode\extensions\redhat.java-1.51.0-win32-x64\jre\21.0.9-win32-x86_64\bin\msvcp140.dll
0x00007ffc51910000 - 0x00007ffc526b0000 	c:\Users\NAC\.vscode\extensions\redhat.java-1.51.0-win32-x64\jre\21.0.9-win32-x86_64\bin\server\jvm.dll
0x00007ffcd4390000 - 0x00007ffcd4444000 	C:\WINDOWS\System32\ADVAPI32.dll
0x00007ffcd4670000 - 0x00007ffcd4716000 	C:\WINDOWS\System32\sechost.dll
0x00007ffcd3d90000 - 0x00007ffcd3ea8000 	C:\WINDOWS\System32\RPCRT4.dll
0x00007ffcd4720000 - 0x00007ffcd4794000 	C:\WINDOWS\System32\WS2_32.dll
0x00007ffcd2f70000 - 0x00007ffcd2fce000 	C:\WINDOWS\SYSTEM32\POWRPROF.dll
0x00007ffcbc640000 - 0x00007ffcbc675000 	C:\WINDOWS\SYSTEM32\WINMM.dll
0x00007ffcc7b20000 - 0x00007ffcc7b2b000 	C:\WINDOWS\SYSTEM32\VERSION.dll
0x00007ffcd2f50000 - 0x00007ffcd2f64000 	C:\WINDOWS\SYSTEM32\UMPDC.dll
0x00007ffcd1e80000 - 0x00007ffcd1e9b000 	C:\WINDOWS\SYSTEM32\kernel.appcore.dll
0x00007ffcc8690000 - 0x00007ffcc869a000 	c:\Users\NAC\.vscode\extensions\redhat.java-1.51.0-win32-x64\jre\21.0.9-win32-x86_64\bin\jimage.dll
0x00007ffcd0650000 - 0x00007ffcd0892000 	C:\WINDOWS\SYSTEM32\DBGHELP.DLL
0x00007ffcd5440000 - 0x00007ffcd57c6000 	C:\WINDOWS\System32\combase.dll
0x00007ffcd47a0000 - 0x00007ffcd4876000 	C:\WINDOWS\System32\OLEAUT32.dll
0x00007ffcaa3a0000 - 0x00007ffcaa3dc000 	C:\WINDOWS\SYSTEM32\dbgcore.DLL
0x00007ffcd3510000 - 0x00007ffcd35b5000 	C:\WINDOWS\System32\bcryptPrimitives.dll
0x00007ffcc8350000 - 0x00007ffcc835f000 	c:\Users\NAC\.vscode\extensions\redhat.java-1.51.0-win32-x64\jre\21.0.9-win32-x86_64\bin\instrument.dll
0x00007ffcaa8f0000 - 0x00007ffcaa910000 	c:\Users\NAC\.vscode\extensions\redhat.java-1.51.0-win32-x64\jre\21.0.9-win32-x86_64\bin\java.dll
0x00007ffcd4be0000 - 0x00007ffcd5333000 	C:\WINDOWS\System32\SHELL32.dll
0x00007ffcd3bf0000 - 0x00007ffcd3d5a000 	C:\WINDOWS\System32\wintypes.dll
0x00007ffcd0cf0000 - 0x00007ffcd154e000 	C:\WINDOWS\SYSTEM32\windows.storage.dll
0x00007ffcd57d0000 - 0x00007ffcd58c5000 	C:\WINDOWS\System32\SHCORE.dll
0x00007ffcd40e0000 - 0x00007ffcd4146000 	C:\WINDOWS\System32\shlwapi.dll
0x00007ffcd3030000 - 0x00007ffcd3059000 	C:\WINDOWS\SYSTEM32\profapi.dll
0x00007ffcaa410000 - 0x00007ffcaa428000 	c:\Users\NAC\.vscode\extensions\redhat.java-1.51.0-win32-x64\jre\21.0.9-win32-x86_64\bin\zip.dll
0x00007ffcc83c0000 - 0x00007ffcc83d0000 	C:\Users\NAC\.vscode\extensions\redhat.java-1.51.0-win32-x64\jre\21.0.9-win32-x86_64\bin\net.dll
0x00007ffcc24e0000 - 0x00007ffcc2608000 	C:\WINDOWS\SYSTEM32\WINHTTP.dll
0x00007ffcd23d0000 - 0x00007ffcd243b000 	C:\WINDOWS\system32\mswsock.dll
0x00007ffcb4ce0000 - 0x00007ffcb4cf6000 	C:\Users\NAC\.vscode\extensions\redhat.java-1.51.0-win32-x64\jre\21.0.9-win32-x86_64\bin\nio.dll
0x00007ffcc7b30000 - 0x00007ffcc7b40000 	c:\Users\NAC\.vscode\extensions\redhat.java-1.51.0-win32-x64\jre\21.0.9-win32-x86_64\bin\verify.dll
0x00007ffc5a370000 - 0x00007ffc5a3b4000 	C:\Users\NAC\AppData\Roaming\Code\User\globalStorage\redhat.java\1.51.0\config_win\org.eclipse.equinox.launcher\org.eclipse.equinox.launcher.win32.win32.x86_64_1.2.1400.v20250801-0854\eclipse_11916.dll
0x00007ffcd4a40000 - 0x00007ffcd4bd7000 	C:\WINDOWS\System32\ole32.dll
0x00007ffcd27c0000 - 0x00007ffcd27db000 	C:\WINDOWS\SYSTEM32\CRYPTSP.dll
0x00007ffcd1de0000 - 0x00007ffcd1e1a000 	C:\WINDOWS\system32\rsaenh.dll
0x00007ffcd2480000 - 0x00007ffcd24ab000 	C:\WINDOWS\SYSTEM32\USERENV.dll
0x00007ffcd3000000 - 0x00007ffcd302a000 	C:\WINDOWS\SYSTEM32\bcrypt.dll
0x00007ffcd2620000 - 0x00007ffcd262c000 	C:\WINDOWS\SYSTEM32\CRYPTBASE.dll
0x00007ffcd1870000 - 0x00007ffcd18a4000 	C:\WINDOWS\SYSTEM32\IPHLPAPI.DLL
0x00007ffcd5370000 - 0x00007ffcd537a000 	C:\WINDOWS\System32\NSI.dll
0x00007ffc653b0000 - 0x00007ffc653f9000 	C:\Users\NAC\AppData\Local\Temp\jna-77040\jna11520062402007635865.dll
0x00007ffcd5d60000 - 0x00007ffcd5d68000 	C:\WINDOWS\System32\PSAPI.DLL
0x00007ffcc24b0000 - 0x00007ffcc24ce000 	C:\WINDOWS\SYSTEM32\dhcpcsvc6.DLL
0x00007ffcc2450000 - 0x00007ffcc2473000 	C:\WINDOWS\SYSTEM32\dhcpcsvc.DLL
0x00007ffc7b210000 - 0x00007ffc7b237000 	C:\Users\NAC\.gradle\native\1def1411415f61bf3af743bc5b6707747c0891f09f0c88961ee8f79bc544acac\windows-amd64\native-platform.dll
0x00007ffcba820000 - 0x00007ffcba82a000 	C:\Users\NAC\.vscode\extensions\redhat.java-1.51.0-win32-x64\jre\21.0.9-win32-x86_64\bin\management.dll
0x00007ffcb6010000 - 0x00007ffcb601c000 	C:\Users\NAC\.vscode\extensions\redhat.java-1.51.0-win32-x64\jre\21.0.9-win32-x86_64\bin\management_ext.dll

JVMTI agents:
c:\Users\NAC\.vscode\extensions\redhat.java-1.51.0-win32-x64\lombok\lombok-1.18.39-4050.jar path:c:\Users\NAC\.vscode\extensions\redhat.java-1.51.0-win32-x64\jre\21.0.9-win32-x86_64\bin\instrument.dll, loaded, initialized, instrumentlib options:none

dbghelp: loaded successfully - version: 4.0.5 - missing functions: none
symbol engine: initialized successfully - sym options: 0x614 - pdb path: .;c:\Users\NAC\.vscode\extensions\redhat.java-1.51.0-win32-x64\jre\21.0.9-win32-x86_64\bin;C:\WINDOWS\SYSTEM32;C:\WINDOWS\WinSxS\amd64_microsoft.windows.common-controls_6595b64144ccf1df_6.0.26100.7309_none_3e05feeae336a044;c:\Users\NAC\.vscode\extensions\redhat.java-1.51.0-win32-x64\jre\21.0.9-win32-x86_64\bin\server;C:\Users\NAC\AppData\Roaming\Code\User\globalStorage\redhat.java\1.51.0\config_win\org.eclipse.equinox.launcher\org.eclipse.equinox.launcher.win32.win32.x86_64_1.2.1400.v20250801-0854;C:\Users\NAC\AppData\Local\Temp\jna-77040;C:\Users\NAC\.gradle\native\1def1411415f61bf3af743bc5b6707747c0891f09f0c88961ee8f79bc544acac\windows-amd64

VM Arguments:
jvm_args: --add-modules=ALL-SYSTEM --add-opens=java.base/java.util=ALL-UNNAMED --add-opens=java.base/java.lang=ALL-UNNAMED --add-opens=java.base/sun.nio.fs=ALL-UNNAMED -Declipse.application=org.eclipse.jdt.ls.core.id1 -Dosgi.bundles.defaultStartLevel=4 -Declipse.product=org.eclipse.jdt.ls.core.product -Djava.import.generatesMetadataFilesAtProjectRoot=false -DDetectVMInstallationsJob.disabled=true -Dfile.encoding=utf8 -XX:+UseParallelGC -XX:GCTimeRatio=4 -XX:AdaptiveSizePolicyWeight=90 -Dsun.zip.disableMemoryMapping=true -Xmx2G -Xms100m -Xlog:disable -javaagent:c:\Users\NAC\.vscode\extensions\redhat.java-1.51.0-win32-x64\lombok\lombok-1.18.39-4050.jar -XX:+HeapDumpOnOutOfMemoryError -XX:HeapDumpPath=c:\Users\NAC\AppData\Roaming\Code\User\workspaceStorage\c917eee60e9d2a68c72716b009762104\redhat.java -Daether.dependencyCollector.impl=bf 
java_command: c:\Users\NAC\.vscode\extensions\redhat.java-1.51.0-win32-x64\server\plugins\org.eclipse.equinox.launcher_1.7.100.v20251111-0406.jar -configuration c:\Users\NAC\AppData\Roaming\Code\User\globalStorage\redhat.java\1.51.0\config_win -data c:\Users\NAC\AppData\Roaming\Code\User\workspaceStorage\c917eee60e9d2a68c72716b009762104\redhat.java\jdt_ws --pipe=\\.\pipe\lsp-14bee2132dc9837f5487f4d21aa0a029-sock
java_class_path (initial): c:\Users\NAC\.vscode\extensions\redhat.java-1.51.0-win32-x64\server\plugins\org.eclipse.equinox.launcher_1.7.100.v20251111-0406.jar
Launcher Type: SUN_STANDARD

[Global flags]
    uintx AdaptiveSizePolicyWeight                 = 90                                        {product} {command line}
     intx CICompilerCount                          = 4                                         {product} {ergonomic}
    uintx GCTimeRatio                              = 4                                         {product} {command line}
     bool HeapDumpOnOutOfMemoryError               = true                                   {manageable} {command line}
    ccstr HeapDumpPath                             = c:\Users\NAC\AppData\Roaming\Code\User\workspaceStorage\c917eee60e9d2a68c72716b009762104\redhat.java         {manageable} {command line}
   size_t InitialHeapSize                          = 104857600                                 {product} {command line}
   size_t MaxHeapSize                              = 2147483648                                {product} {command line}
   size_t MaxNewSize                               = 715653120                                 {product} {ergonomic}
   size_t MinHeapDeltaBytes                        = 524288                                    {product} {ergonomic}
   size_t MinHeapSize                              = 104857600                                 {product} {command line}
   size_t NewSize                                  = 34603008                                  {product} {ergonomic}
    uintx NonNMethodCodeHeapSize                   = 5839372                                {pd product} {ergonomic}
    uintx NonProfiledCodeHeapSize                  = 122909434                              {pd product} {ergonomic}
   size_t OldSize                                  = 70254592                                  {product} {ergonomic}
    uintx ProfiledCodeHeapSize                     = 122909434                              {pd product} {ergonomic}
    uintx ReservedCodeCacheSize                    = 251658240                              {pd product} {ergonomic}
     bool SegmentedCodeCache                       = true                                      {product} {ergonomic}
   size_t SoftMaxHeapSize                          = 2147483648                             {manageable} {ergonomic}
     bool UseCompressedOops                        = true                           {product lp64_product} {ergonomic}
     bool UseLargePagesIndividualAllocation        = false                                  {pd product} {ergonomic}
     bool UseParallelGC                            = true                                      {product} {command line}

Logging:
Log output configuration:
 #0: stdout all=off uptime,level,tags foldmultilines=false
 #1: stderr all=off uptime,level,tags foldmultilines=false

Release file:
JAVA_VERSION="21.0.9" 
MODULES="java.base java.compiler java.datatransfer java.xml java.prefs java.desktop java.instrument java.logging java.management java.security.sasl java.naming java.rmi java.management.rmi java.net.http java.scripting java.security.jgss java.transaction.xa java.sql java.sql.rowset java.xml.crypto java.se java.smartcardio jdk.accessibility jdk.internal.jvmstat jdk.attach jdk.charsets jdk.internal.opt jdk.zipfs jdk.compiler jdk.crypto.ec jdk.crypto.cryptoki jdk.crypto.mscapi jdk.dynalink jdk.internal.ed jdk.editpad jdk.hotspot.agent jdk.httpserver jdk.internal.le jdk.internal.vm.ci jdk.internal.vm.compiler jdk.internal.vm.compiler.management jdk.jartool jdk.javadoc jdk.jcmd jdk.management jdk.management.agent jdk.jconsole jdk.jdeps jdk.jdwp.agent jdk.jdi jdk.jfr jdk.jshell jdk.jsobject jdk.jstatd jdk.localedata jdk.management.jfr jdk.naming.dns jdk.naming.rmi jdk.net jdk.nio.mapmode jdk.random jdk.sctp jdk.security.auth jdk.security.jgss jdk.unsupported jdk.unsupported.desktop jdk.xml.dom" 

Environment Variables:
JAVA_HOME=C:\Program Files\Microsoft\jdk-17.0.16.8-hotspot\
PATH=C:\Program Files\Microsoft\jdk-17.0.16.8-hotspot\bin;C:\WINDOWS\system32;C:\WINDOWS;C:\WINDOWS\System32\Wbem;C:\WINDOWS\System32\WindowsPowerShell\v1.0\;C:\WINDOWS\System32\OpenSSH\;C:\Program Files\Microsoft\jdk-17.0.16.8-hotspot\\bin;C:\php;C:\Program Files\Git\cmd;E:\FILE\nodejs;C:\ProgramData\chocolatey\bin;E:\FILE\;E:\ANDROID-STUDIO\sdk\platform-tools;C:\Users\NAC\AppData\Local\Microsoft\WindowsApps;C:\Users\NAC\AppData\Local\Programs\Microsoft VS Code\bin;C:\Users\NAC\AppData\Roaming\npm;
USERNAME=NAC
OS=Windows_NT
PROCESSOR_IDENTIFIER=Intel64 Family 6 Model 142 Stepping 10, GenuineIntel
TMP=C:\Users\NAC\AppData\Local\Temp
TEMP=C:\Users\NAC\AppData\Local\Temp




Periodic native trim disabled

---------------  S Y S T E M  ---------------

OS:
 Windows 11 , 64 bit Build 26100 (10.0.26100.7623)
OS uptime: 4 days 2:53 hours
Hyper-V role detected

CPU: total 8 (initial active 8) (4 cores per cpu, 2 threads per core) family 6 model 142 stepping 10 microcode 0xf6, cx8, cmov, fxsr, ht, mmx, 3dnowpref, sse, sse2, sse3, ssse3, sse4.1, sse4.2, popcnt, lzcnt, tsc, tscinvbit, avx, avx2, aes, erms, clmul, bmi1, bmi2, adx, fma, vzeroupper, clflush, clflushopt, hv, rdtscp, f16c
Processor Information for the first 8 processors :
  Max Mhz: 1992, Current Mhz: 1792, Mhz Limit: 1792

Memory: 4k page, system-wide physical 16227M (1055M free)
TotalPageFile size 29230M (AvailPageFile size 0M)
current process WorkingSet (physical memory assigned to process): 9M, peak: 383M
current process commit charge ("private bytes"): 561M, peak: 583M

vm_info: OpenJDK 64-Bit Server VM (21.0.9+10-LTS) for windows-amd64 JRE (21.0.9+10-LTS), built on 2025-10-21T00:00:00Z by "admin" with unknown MS VC++:1942

END.
